<?xml version="1.0" encoding="UTF-8"?>
<!-- Generated by org.testng.reporters.JUnitReportReporter -->
<testsuite hostname="Debadutta" failures="0" tests="1" name="computers.TC_DWS_002_Test" time="10.267" errors="0" timestamp="2024-11-12T13:24:19 IST" skipped="0">
  <testcase classname="computers.TC_DWS_002_Test" name="clickOnComputers" time="10.267"/>
  <system-out/>
</testsuite> <!-- computers.TC_DWS_002_Test -->
